<?xml version="1.0" encoding="UTF-8"?>
<testsuite xmlns:xsi="http://www.w3.org/2001/XMLSchema-instance" xsi:noNamespaceSchemaLocation="https://maven.apache.org/surefire/maven-surefire-plugin/xsd/surefire-test-report-3.0.xsd" version="3.0" name="org.example.StringCalculatorTest" time="0.038" tests="6" errors="3" skipped="0" failures="0">
  <properties>
[...]
</properties>
  <testcase name="testNewLineNumber" classname="org.example.StringCalculatorTest" time="0.023"/>
  <testcase name="testSingleNumber" classname="org.example.StringCalculatorTest" time="0.001"/>
  <testcase name="testDelimiterNumber" classname="org.example.StringCalculatorTest" time="0.006">
    <error message="For input string: &quot;//;&quot;" type="java.lang.NumberFormatException">java.lang.NumberFormatException: For input string: "//;"
	at org.example.StringCalculatorTest.testDelimiterNumber(StringCalculatorTest.java:33)
</error>
  </testcase>
  <testcase name="testAssortedDelimiters" classname="org.example.StringCalculatorTest" time="0.001">
    <error message="For input string: &quot;//[***]&quot;" type="java.lang.NumberFormatException">java.lang.NumberFormatException: For input string: "//[***]"
	at org.example.StringCalculatorTest.testAssortedDelimiters(StringCalculatorTest.java:43)
</error>
  </testcase>
  <testcase name="testEmptyString" classname="org.example.StringCalculatorTest" time="0.001"/>
  <testcase name="testLargerThenThousand" classname="org.example.StringCalculatorTest" time="0.001">
    <error message="For input string: &quot;2 &quot;" type="java.lang.NumberFormatException">java.lang.NumberFormatException: For input string: "2 "
	at org.example.StringCalculatorTest.testLargerThenThousand(StringCalculatorTest.java:38)
</error>
  </testcase>
</testsuite>